<?xml version="1.0" encoding="UTF-8"?>
<!-- Generated by org.testng.reporters.JUnitReportReporter -->
<testsuite hostname="DESKTOP-9DC45GS" failures="0" tests="2" name="Test.Test1" time="11.228" errors="0" timestamp="16 Feb 2025 08:19:39 GMT">
  <testcase classname="Test.Test1" name="firstTest" time="5.614"/>
  <testcase classname="Test.Test1" name="firstTest" time="5.614"/>
</testsuite> <!-- Test.Test1 -->
